<?xml version="1.0" encoding="UTF-8"?>
<!-- Generated by org.testng.reporters.JUnitXMLReporter -->
<testsuite ignored="0" hostname="DESKTOP-GNDE67A" failures="1" tests="9" name="Default test" time="7.521" errors="0" timestamp="2022-12-19T13:49:12 EST">
  <testcase classname="com.employeeapi.testCases.TC005_DELETE_Employee" name="checkContentType" time="0.013"/>
  <testcase classname="com.employeeapi.testCases.TC005_DELETE_Employee" name="checkEncoding" time="0.004"/>
  <testcase classname="com.employeeapi.testCases.TC005_DELETE_Employee" name="checkResponseBody" time="0.071"/>
  <testcase classname="com.employeeapi.testCases.TC005_DELETE_Employee" name="checkResponseTime" time="0.004"/>
  <testcase classname="com.employeeapi.testCases.TC005_DELETE_Employee" name="checkStatusCode" time="0.004"/>
  <testcase classname="com.employeeapi.testCases.TC005_DELETE_Employee" name="checkStatusLine" time="0.002"/>
  <testcase classname="com.employeeapi.testCases.TC005_DELETE_Employee" name="checkserverType" time="0.019">
    <failure type="java.lang.AssertionError" message="expected [nginx/1.21.6] but found [Apache]">
      <![CDATA[java.lang.AssertionError: expected [nginx/1.21.6] but found [Apache]
at org.testng.Assert.fail(Assert.java:110)
at org.testng.Assert.failNotEquals(Assert.java:1413)
at org.testng.Assert.assertEqualsImpl(Assert.java:149)
at org.testng.Assert.assertEquals(Assert.java:131)
at org.testng.Assert.assertEquals(Assert.java:655)
at org.testng.Assert.assertEquals(Assert.java:665)
at com.employeeapi.testCases.TC005_DELETE_Employee.checkserverType(TC005_DELETE_Employee.java:81)
at java.base/jdk.internal.reflect.NativeMethodAccessorImpl.invoke0(Native Method)
at java.base/jdk.internal.reflect.NativeMethodAccessorImpl.invoke(NativeMethodAccessorImpl.java:64)
at java.base/jdk.internal.reflect.DelegatingMethodAccessorImpl.invoke(DelegatingMethodAccessorImpl.java:43)
at java.base/java.lang.reflect.Method.invoke(Method.java:564)
at org.testng.internal.invokers.MethodInvocationHelper.invokeMethod(MethodInvocationHelper.java:139)
at org.testng.internal.invokers.TestInvoker.invokeMethod(TestInvoker.java:677)
at org.testng.internal.invokers.TestInvoker.invokeTestMethod(TestInvoker.java:221)
at org.testng.internal.invokers.MethodRunner.runInSequence(MethodRunner.java:50)
at org.testng.internal.invokers.TestInvoker$MethodInvocationAgent.invoke(TestInvoker.java:969)
at org.testng.internal.invokers.TestInvoker.invokeTestMethods(TestInvoker.java:194)
at org.testng.internal.invokers.TestMethodWorker.invokeTestMethods(TestMethodWorker.java:148)
at org.testng.internal.invokers.TestMethodWorker.run(TestMethodWorker.java:128)
at java.base/java.util.ArrayList.forEach(ArrayList.java:1511)
at org.testng.TestRunner.privateRun(TestRunner.java:829)
at org.testng.TestRunner.run(TestRunner.java:602)
at org.testng.SuiteRunner.runTest(SuiteRunner.java:437)
at org.testng.SuiteRunner.runSequentially(SuiteRunner.java:431)
at org.testng.SuiteRunner.privateRun(SuiteRunner.java:391)
at org.testng.SuiteRunner.run(SuiteRunner.java:330)
at org.testng.SuiteRunnerWorker.runSuite(SuiteRunnerWorker.java:52)
at org.testng.SuiteRunnerWorker.run(SuiteRunnerWorker.java:95)
at org.testng.TestNG.runSuitesSequentially(TestNG.java:1256)
at org.testng.TestNG.runSuitesLocally(TestNG.java:1176)
at org.testng.TestNG.runSuites(TestNG.java:1099)
at org.testng.TestNG.run(TestNG.java:1067)
at org.testng.remote.AbstractRemoteTestNG.run(AbstractRemoteTestNG.java:115)
at org.testng.remote.RemoteTestNG.initAndRun(RemoteTestNG.java:251)
at org.testng.remote.RemoteTestNG.main(RemoteTestNG.java:77)
]]>
    </failure>
  </testcase> <!-- checkserverType -->
  <testcase classname="com.employeeapi.testCases.TC005_DELETE_Employee" name="contentLenght" time="0.004"/>
  <testcase classname="com.employeeapi.testCases.TC005_DELETE_Employee" name="cookies" time="0.001"/>
</testsuite> <!-- Default test -->
